<component name="libraryTable">
  <library name="junit.junit5.api" type="repository">
    <properties maven-id="org.junit:junit5-api:5.0.0-ALPHA" />
    <CLASSES>
      <root url="jar://$MAVEN_REPOSITORY$/org/junit/junit5-api/5.0.0-ALPHA/junit5-api-5.0.0-ALPHA.jar!/" />
      <root url="jar://$MAVEN_REPOSITORY$/org/opentest4j/opentest4j/1.0.0-ALPHA/opentest4j-1.0.0-ALPHA.jar!/" />
      <root url="jar://$MAVEN_REPOSITORY$/org/junit/junit-commons/5.0.0-ALPHA/junit-commons-5.0.0-ALPHA.jar!/" />
    </CLASSES>
    <JAVADOC />
    <SOURCES />
  </library>
</component>